#! /c/Source/iverilog-install/bin/vvp
:ivl_version "12.0 (devel)" "(s20150603-1110-g18392a46)";
:ivl_delay_selection "TYPICAL";
:vpi_time_precision - 12;
:vpi_module "C:\iverilog\lib\ivl\system.vpi";
:vpi_module "C:\iverilog\lib\ivl\vhdl_sys.vpi";
:vpi_module "C:\iverilog\lib\ivl\vhdl_textio.vpi";
:vpi_module "C:\iverilog\lib\ivl\v2005_math.vpi";
:vpi_module "C:\iverilog\lib\ivl\va_math.vpi";
S_0000020835faf4d0 .scope module, "memory_loader_tb" "memory_loader_tb" 2 1;
 .timescale 0 0;
v0000020836019ee0_0 .var "clk", 0 0;
v00000208360193a0_0 .var/i "i", 31 0;
v0000020836019620_0 .var/i "j", 31 0;
v0000020836019760_0 .var "port_A", 7 0;
v0000020836019b20_0 .var "port_W", 7 0;
v0000020836019440_0 .var "rst", 0 0;
v0000020836019bc0_0 .var "write_enable_A", 0 0;
v00000208360196c0_0 .var "write_enable_W", 0 0;
S_0000020835faf660 .scope module, "uut" "memory_loader" 2 10, 3 23 0, S_0000020835faf4d0;
 .timescale -9 -12;
    .port_info 0 /INPUT 1 "clk";
    .port_info 1 /INPUT 1 "rst";
    .port_info 2 /INPUT 8 "port_A";
    .port_info 3 /INPUT 8 "port_W";
    .port_info 4 /INPUT 1 "write_enable_A";
    .port_info 5 /INPUT 1 "write_enable_W";
v00000208360eb680 .array/s "Feature_Memory", 15 0, 7 0;
v00000208360eb910 .array/s "Weight_Memory", 31 0, 7 0;
v0000020835faf7f0_0 .net "clk", 0 0, v0000020836019ee0_0;  1 drivers
v0000020835fc4b00_0 .var/i "i", 31 0;
v0000020835faf890_0 .var/i "j", 31 0;
v0000020835f82510_0 .net/s "port_A", 7 0, v0000020836019760_0;  1 drivers
v0000020835f825b0_0 .net/s "port_W", 7 0, v0000020836019b20_0;  1 drivers
v0000020835f82650_0 .net "rst", 0 0, v0000020836019440_0;  1 drivers
v0000020836019260_0 .net "write_enable_A", 0 0, v0000020836019bc0_0;  1 drivers
v00000208360194e0_0 .net "write_enable_W", 0 0, v00000208360196c0_0;  1 drivers
E_0000020835face80 .event posedge, v0000020835faf7f0_0;
    .scope S_0000020835faf660;
T_0 ;
    %wait E_0000020835face80;
    %load/vec4 v0000020835f82650_0;
    %flag_set/vec4 8;
    %jmp/0xz  T_0.0, 8;
    %pushi/vec4 0, 0, 32;
    %assign/vec4 v0000020835fc4b00_0, 0;
    %jmp T_0.1;
T_0.0 ;
    %load/vec4 v0000020836019260_0;
    %flag_set/vec4 8;
    %jmp/0xz  T_0.2, 8;
    %load/vec4 v0000020835f82510_0;
    %ix/getv/s 3, v0000020835fc4b00_0;
    %ix/load 4, 0, 0; Constant delay
    %assign/vec4/a/d v00000208360eb680, 0, 4;
    %load/vec4 v0000020835fc4b00_0;
    %addi 1, 0, 32;
    %assign/vec4 v0000020835fc4b00_0, 0;
T_0.2 ;
T_0.1 ;
    %jmp T_0;
    .thread T_0;
    .scope S_0000020835faf660;
T_1 ;
    %wait E_0000020835face80;
    %load/vec4 v0000020835f82650_0;
    %flag_set/vec4 8;
    %jmp/0xz  T_1.0, 8;
    %pushi/vec4 0, 0, 32;
    %assign/vec4 v0000020835faf890_0, 0;
    %jmp T_1.1;
T_1.0 ;
    %load/vec4 v00000208360194e0_0;
    %flag_set/vec4 8;
    %jmp/0xz  T_1.2, 8;
    %load/vec4 v0000020835f825b0_0;
    %ix/getv/s 3, v0000020835faf890_0;
    %ix/load 4, 0, 0; Constant delay
    %assign/vec4/a/d v00000208360eb910, 0, 4;
    %load/vec4 v0000020835faf890_0;
    %addi 1, 0, 32;
    %assign/vec4 v0000020835faf890_0, 0;
T_1.2 ;
T_1.1 ;
    %jmp T_1;
    .thread T_1;
    .scope S_0000020835faf4d0;
T_2 ;
    %pushi/vec4 0, 0, 1;
    %store/vec4 v0000020836019ee0_0, 0, 1;
    %end;
    .thread T_2;
    .scope S_0000020835faf4d0;
T_3 ;
    %delay 1316134912, 2328;
    %load/vec4 v0000020836019ee0_0;
    %inv;
    %store/vec4 v0000020836019ee0_0, 0, 1;
    %jmp T_3;
    .thread T_3;
    .scope S_0000020835faf4d0;
T_4 ;
    %pushi/vec4 1, 0, 1;
    %store/vec4 v0000020836019440_0, 0, 1;
    %pushi/vec4 0, 0, 8;
    %store/vec4 v0000020836019760_0, 0, 8;
    %pushi/vec4 0, 0, 8;
    %store/vec4 v0000020836019b20_0, 0, 8;
    %pushi/vec4 0, 0, 1;
    %store/vec4 v0000020836019bc0_0, 0, 1;
    %pushi/vec4 0, 0, 1;
    %store/vec4 v00000208360196c0_0, 0, 1;
    %delay 969572352, 9313;
    %pushi/vec4 0, 0, 1;
    %store/vec4 v0000020836019440_0, 0, 1;
    %pushi/vec4 1, 0, 1;
    %store/vec4 v00000208360196c0_0, 0, 1;
    %pushi/vec4 4, 0, 8;
    %store/vec4 v0000020836019b20_0, 0, 8;
    %delay 2632269824, 4656;
    %pushi/vec4 0, 0, 8;
    %store/vec4 v0000020836019b20_0, 0, 8;
    %delay 2632269824, 4656;
    %pushi/vec4 2, 0, 8;
    %store/vec4 v0000020836019b20_0, 0, 8;
    %delay 2632269824, 4656;
    %pushi/vec4 1, 0, 8;
    %store/vec4 v0000020836019b20_0, 0, 8;
    %delay 2632269824, 4656;
    %pushi/vec4 4, 0, 8;
    %store/vec4 v0000020836019b20_0, 0, 8;
    %delay 2632269824, 4656;
    %pushi/vec4 3, 0, 8;
    %store/vec4 v0000020836019b20_0, 0, 8;
    %delay 2632269824, 4656;
    %pushi/vec4 2, 0, 8;
    %store/vec4 v0000020836019b20_0, 0, 8;
    %delay 2632269824, 4656;
    %pushi/vec4 0, 0, 8;
    %store/vec4 v0000020836019b20_0, 0, 8;
    %delay 2632269824, 4656;
    %pushi/vec4 4, 0, 8;
    %store/vec4 v0000020836019b20_0, 0, 8;
    %delay 2632269824, 4656;
    %pushi/vec4 3, 0, 8;
    %store/vec4 v0000020836019b20_0, 0, 8;
    %delay 2632269824, 4656;
    %pushi/vec4 0, 0, 8;
    %store/vec4 v0000020836019b20_0, 0, 8;
    %delay 2632269824, 4656;
    %pushi/vec4 1, 0, 8;
    %store/vec4 v0000020836019b20_0, 0, 8;
    %delay 2632269824, 4656;
    %pushi/vec4 4, 0, 8;
    %store/vec4 v0000020836019b20_0, 0, 8;
    %delay 2632269824, 4656;
    %pushi/vec4 3, 0, 8;
    %store/vec4 v0000020836019b20_0, 0, 8;
    %delay 2632269824, 4656;
    %pushi/vec4 2, 0, 8;
    %store/vec4 v0000020836019b20_0, 0, 8;
    %delay 2632269824, 4656;
    %pushi/vec4 1, 0, 8;
    %store/vec4 v0000020836019b20_0, 0, 8;
    %delay 2632269824, 4656;
    %pushi/vec4 0, 0, 1;
    %store/vec4 v00000208360196c0_0, 0, 1;
    %pushi/vec4 1, 0, 1;
    %store/vec4 v0000020836019bc0_0, 0, 1;
    %pushi/vec4 1, 0, 8;
    %store/vec4 v0000020836019760_0, 0, 8;
    %delay 2632269824, 4656;
    %pushi/vec4 2, 0, 8;
    %store/vec4 v0000020836019760_0, 0, 8;
    %delay 2632269824, 4656;
    %pushi/vec4 3, 0, 8;
    %store/vec4 v0000020836019760_0, 0, 8;
    %delay 2632269824, 4656;
    %pushi/vec4 4, 0, 8;
    %store/vec4 v0000020836019760_0, 0, 8;
    %delay 2632269824, 4656;
    %pushi/vec4 1, 0, 8;
    %store/vec4 v0000020836019760_0, 0, 8;
    %delay 2632269824, 4656;
    %pushi/vec4 2, 0, 8;
    %store/vec4 v0000020836019760_0, 0, 8;
    %delay 2632269824, 4656;
    %pushi/vec4 3, 0, 8;
    %store/vec4 v0000020836019760_0, 0, 8;
    %delay 2632269824, 4656;
    %pushi/vec4 4, 0, 8;
    %store/vec4 v0000020836019760_0, 0, 8;
    %delay 2632269824, 4656;
    %pushi/vec4 1, 0, 8;
    %store/vec4 v0000020836019760_0, 0, 8;
    %delay 2632269824, 4656;
    %pushi/vec4 2, 0, 8;
    %store/vec4 v0000020836019760_0, 0, 8;
    %delay 2632269824, 4656;
    %pushi/vec4 3, 0, 8;
    %store/vec4 v0000020836019760_0, 0, 8;
    %delay 2632269824, 4656;
    %pushi/vec4 4, 0, 8;
    %store/vec4 v0000020836019760_0, 0, 8;
    %delay 2632269824, 4656;
    %pushi/vec4 1, 0, 8;
    %store/vec4 v0000020836019760_0, 0, 8;
    %delay 2632269824, 4656;
    %pushi/vec4 2, 0, 8;
    %store/vec4 v0000020836019760_0, 0, 8;
    %delay 2632269824, 4656;
    %pushi/vec4 3, 0, 8;
    %store/vec4 v0000020836019760_0, 0, 8;
    %delay 2632269824, 4656;
    %pushi/vec4 4, 0, 8;
    %store/vec4 v0000020836019760_0, 0, 8;
    %delay 2632269824, 4656;
    %pushi/vec4 0, 0, 1;
    %store/vec4 v0000020836019bc0_0, 0, 1;
    %vpi_call 2 89 "$display", "Feature Memory:" {0 0 0};
    %pushi/vec4 0, 0, 32;
    %store/vec4 v00000208360193a0_0, 0, 32;
T_4.0 ;
    %load/vec4 v00000208360193a0_0;
    %cmpi/s 16, 0, 32;
    %jmp/0xz T_4.1, 5;
    %vpi_call 2 91 "$display", "[%0d] = %d", v00000208360193a0_0, &A<v00000208360eb680, v00000208360193a0_0 > {0 0 0};
    %load/vec4 v00000208360193a0_0;
    %addi 1, 0, 32;
    %store/vec4 v00000208360193a0_0, 0, 32;
    %jmp T_4.0;
T_4.1 ;
    %vpi_call 2 94 "$display", "The feature Matrix is:\012 %d %d %d %d \012 %d %d %d %d \012 %d %d %d %d \012 %d %d %d %d \012 ", &A<v00000208360eb680, 0>, &A<v00000208360eb680, 1>, &A<v00000208360eb680, 2>, &A<v00000208360eb680, 3>, &A<v00000208360eb680, 4>, &A<v00000208360eb680, 5>, &A<v00000208360eb680, 6>, &A<v00000208360eb680, 7>, &A<v00000208360eb680, 8>, &A<v00000208360eb680, 9>, &A<v00000208360eb680, 10>, &A<v00000208360eb680, 11>, &A<v00000208360eb680, 12>, &A<v00000208360eb680, 13>, &A<v00000208360eb680, 14>, &A<v00000208360eb680, 15> {0 0 0};
    %vpi_call 2 98 "$display", "\012Weight Memory:" {0 0 0};
    %pushi/vec4 0, 0, 32;
    %store/vec4 v0000020836019620_0, 0, 32;
T_4.2 ;
    %load/vec4 v0000020836019620_0;
    %cmpi/s 16, 0, 32;
    %jmp/0xz T_4.3, 5;
    %vpi_call 2 100 "$display", "[%0d] = %d", v0000020836019620_0, &A<v00000208360eb910, v0000020836019620_0 > {0 0 0};
    %load/vec4 v0000020836019620_0;
    %addi 1, 0, 32;
    %store/vec4 v0000020836019620_0, 0, 32;
    %jmp T_4.2;
T_4.3 ;
    %vpi_call 2 103 "$display", "The Weight Matrix is:\012 %d %d %d %d \012 %d %d %d %d \012 %d %d %d %d \012 %d %d %d %d \012 ", &A<v00000208360eb910, 0>, &A<v00000208360eb910, 1>, &A<v00000208360eb910, 2>, &A<v00000208360eb910, 3>, &A<v00000208360eb910, 4>, &A<v00000208360eb910, 5>, &A<v00000208360eb910, 6>, &A<v00000208360eb910, 7>, &A<v00000208360eb910, 8>, &A<v00000208360eb910, 9>, &A<v00000208360eb910, 10>, &A<v00000208360eb910, 11>, &A<v00000208360eb910, 12>, &A<v00000208360eb910, 13>, &A<v00000208360eb910, 14>, &A<v00000208360eb910, 15> {0 0 0};
    %vpi_call 2 106 "$finish" {0 0 0};
    %end;
    .thread T_4;
    .scope S_0000020835faf4d0;
T_5 ;
    %vpi_call 2 111 "$monitor", "Time: %t\011 Input Value Through port_A:", $time, v0000020836019760_0 {0 0 0};
    %end;
    .thread T_5;
# The file index is used to find the file name in the following table.
:file_names 4;
    "N/A";
    "<interactive>";
    "./memory_loader_tb.v";
    "./memory_loader.v";
