#! /c/Source/iverilog-install/bin/vvp
:ivl_version "12.0 (devel)" "(s20150603-1110-g18392a46)";
:ivl_delay_selection "TYPICAL";
:vpi_time_precision - 12;
:vpi_module "C:\iverilog\lib\ivl\system.vpi";
:vpi_module "C:\iverilog\lib\ivl\vhdl_sys.vpi";
:vpi_module "C:\iverilog\lib\ivl\vhdl_textio.vpi";
:vpi_module "C:\iverilog\lib\ivl\v2005_math.vpi";
:vpi_module "C:\iverilog\lib\ivl\va_math.vpi";
S_0000027c8dd7bae0 .scope module, "QuantizationUnit_tb" "QuantizationUnit_tb" 2 3;
 .timescale -9 -12;
v0000027c8dd79570_0 .var "clk", 0 0;
v0000027c8dd79610_0 .var "input_data", 23 0;
v0000027c8dd796b0_0 .net "output_data", 7 0, v0000027c8dd79430_0;  1 drivers
v0000027c8dd79750_0 .var "rst", 0 0;
S_0000027c8dd7bc70 .scope module, "uut" "QuantizationUnit" 2 14, 3 1 0, S_0000027c8dd7bae0;
 .timescale -9 -12;
    .port_info 0 /OUTPUT 8 "output_data";
    .port_info 1 /INPUT 1 "clk";
    .port_info 2 /INPUT 1 "rst";
    .port_info 3 /INPUT 24 "input_data";
v0000027c8ddc77c0_0 .net "clk", 0 0, v0000027c8dd79570_0;  1 drivers
v0000027c8dd79390_0 .net "input_data", 23 0, v0000027c8dd79610_0;  1 drivers
v0000027c8dd79430_0 .var "output_data", 7 0;
v0000027c8dd794d0_0 .net "rst", 0 0, v0000027c8dd79750_0;  1 drivers
E_0000027c8ddc8fd0/0 .event anyedge, v0000027c8dd794d0_0;
E_0000027c8ddc8fd0/1 .event posedge, v0000027c8ddc77c0_0;
E_0000027c8ddc8fd0 .event/or E_0000027c8ddc8fd0/0, E_0000027c8ddc8fd0/1;
    .scope S_0000027c8dd7bc70;
T_0 ;
    %wait E_0000027c8ddc8fd0;
    %load/vec4 v0000027c8dd794d0_0;
    %flag_set/vec4 8;
    %jmp/0xz  T_0.0, 8;
    %pushi/vec4 0, 0, 8;
    %assign/vec4 v0000027c8dd79430_0, 0;
    %jmp T_0.1;
T_0.0 ;
    %load/vec4 v0000027c8dd79390_0;
    %pad/u 32;
    %cmpi/u 255, 0, 32;
    %flag_or 5, 4; GT is !LE
    %flag_inv 5;
    %jmp/0xz  T_0.2, 5;
    %pushi/vec4 255, 0, 8;
    %assign/vec4 v0000027c8dd79430_0, 0;
    %jmp T_0.3;
T_0.2 ;
    %load/vec4 v0000027c8dd79390_0;
    %pad/u 8;
    %assign/vec4 v0000027c8dd79430_0, 0;
T_0.3 ;
T_0.1 ;
    %jmp T_0;
    .thread T_0;
    .scope S_0000027c8dd7bae0;
T_1 ;
    %pushi/vec4 0, 0, 1;
    %store/vec4 v0000027c8dd79570_0, 0, 1;
    %pushi/vec4 1, 0, 1;
    %store/vec4 v0000027c8dd79750_0, 0, 1;
    %pushi/vec4 0, 0, 24;
    %store/vec4 v0000027c8dd79610_0, 0, 24;
    %vpi_call 2 27 "$display", "Time=%t, Reset Applied, output_data=%d", $time, v0000027c8dd796b0_0 {0 0 0};
    %delay 100000, 0;
    %pushi/vec4 0, 0, 1;
    %store/vec4 v0000027c8dd79750_0, 0, 1;
    %vpi_call 2 32 "$display", "Time=%t, Reset Released", $time {0 0 0};
    %pushi/vec4 100, 0, 24;
    %store/vec4 v0000027c8dd79610_0, 0, 24;
    %delay 20000, 0;
    %vpi_call 2 36 "$display", "Time=%t, input_data=%d, output_data=%d", $time, v0000027c8dd79610_0, v0000027c8dd796b0_0 {0 0 0};
    %pushi/vec4 256, 0, 24;
    %store/vec4 v0000027c8dd79610_0, 0, 24;
    %delay 20000, 0;
    %vpi_call 2 39 "$display", "Time=%t, input_data=%d, output_data=%d", $time, v0000027c8dd79610_0, v0000027c8dd796b0_0 {0 0 0};
    %pushi/vec4 1024, 0, 24;
    %store/vec4 v0000027c8dd79610_0, 0, 24;
    %delay 20000, 0;
    %vpi_call 2 42 "$display", "Time=%t, input_data=%d, output_data=%d", $time, v0000027c8dd79610_0, v0000027c8dd796b0_0 {0 0 0};
    %pushi/vec4 200, 0, 24;
    %store/vec4 v0000027c8dd79610_0, 0, 24;
    %delay 20000, 0;
    %vpi_call 2 45 "$display", "Time=%t, input_data=%d, output_data=%d", $time, v0000027c8dd79610_0, v0000027c8dd796b0_0 {0 0 0};
    %pushi/vec4 1, 0, 1;
    %store/vec4 v0000027c8dd79750_0, 0, 1;
    %delay 10000, 0;
    %vpi_call 2 49 "$display", "Time=%t, Reset Applied, output_data=%d", $time, v0000027c8dd796b0_0 {0 0 0};
    %pushi/vec4 0, 0, 1;
    %store/vec4 v0000027c8dd79750_0, 0, 1;
    %delay 10000, 0;
    %vpi_call 2 53 "$finish" {0 0 0};
    %end;
    .thread T_1;
    .scope S_0000027c8dd7bae0;
T_2 ;
    %delay 10000, 0;
    %load/vec4 v0000027c8dd79570_0;
    %inv;
    %store/vec4 v0000027c8dd79570_0, 0, 1;
    %jmp T_2;
    .thread T_2;
# The file index is used to find the file name in the following table.
:file_names 4;
    "N/A";
    "<interactive>";
    "./QuantizationUnit_TB.v";
    "./QuantizationUnit.v";
