#! /c/Source/iverilog-install/bin/vvp
:ivl_version "12.0 (devel)" "(s20150603-1110-g18392a46)";
:ivl_delay_selection "TYPICAL";
:vpi_time_precision - 12;
:vpi_module "C:\iverilog\lib\ivl\system.vpi";
:vpi_module "C:\iverilog\lib\ivl\vhdl_sys.vpi";
:vpi_module "C:\iverilog\lib\ivl\vhdl_textio.vpi";
:vpi_module "C:\iverilog\lib\ivl\v2005_math.vpi";
:vpi_module "C:\iverilog\lib\ivl\va_math.vpi";
S_000001db10689e10 .scope module, "MACUnit_tb" "MACUnit_tb" 2 3;
 .timescale -9 -12;
v000001db10679ba0_0 .net "AccumulatedSum", 23 0, v000001db1078aaa0_0;  1 drivers
v000001db106dc840_0 .var "AddCarry", 23 0;
v000001db106dd3d0_0 .var "FM", 7 0;
v000001db106dcbb0_0 .var "WEn", 0 0;
v000001db106dd510_0 .var "WM", 7 0;
v000001db106dd330_0 .var "clk", 0 0;
v000001db106dcf70_0 .var "rst", 0 0;
v000001db106dd0b0_0 .net "siglineEast", 7 0, v000001db10679a60_0;  1 drivers
v000001db106dd290_0 .net "siglineSouth", 7 0, v000001db10679b00_0;  1 drivers
E_000001db10677e60 .event anyedge, v000001db1078aaa0_0;
S_000001db10689fa0 .scope module, "uut" "MACUnit" 2 19, 3 27 0, S_000001db10689e10;
 .timescale -9 -12;
    .port_info 0 /OUTPUT 24 "AccumulatedSum";
    .port_info 1 /OUTPUT 8 "siglineEast";
    .port_info 2 /OUTPUT 8 "siglineSouth";
    .port_info 3 /INPUT 8 "FM";
    .port_info 4 /INPUT 8 "WM";
    .port_info 5 /INPUT 24 "AddCarry";
    .port_info 6 /INPUT 1 "WEn";
    .port_info 7 /INPUT 1 "clk";
    .port_info 8 /INPUT 1 "rst";
v000001db1078aaa0_0 .var "AccumulatedSum", 23 0;
v000001db1078ab40_0 .net "AddCarry", 23 0, v000001db106dc840_0;  1 drivers
v000001db10652910_0 .net "FM", 7 0, v000001db106dd3d0_0;  1 drivers
v000001db1068a130_0 .net "WEn", 0 0, v000001db106dcbb0_0;  1 drivers
v000001db1068a1d0_0 .net "WM", 7 0, v000001db106dd510_0;  1 drivers
v000001db10679920_0 .net "clk", 0 0, v000001db106dd330_0;  1 drivers
v000001db106799c0_0 .net "rst", 0 0, v000001db106dcf70_0;  1 drivers
v000001db10679a60_0 .var "siglineEast", 7 0;
v000001db10679b00_0 .var "siglineSouth", 7 0;
E_000001db106773e0 .event posedge, v000001db106799c0_0, v000001db10679920_0;
    .scope S_000001db10689fa0;
T_0 ;
    %wait E_000001db106773e0;
    %load/vec4 v000001db10679a60_0;
    %pad/u 24;
    %load/vec4 v000001db10679b00_0;
    %pad/u 24;
    %mul;
    %load/vec4 v000001db1078ab40_0;
    %add;
    %assign/vec4 v000001db1078aaa0_0, 0;
    %jmp T_0;
    .thread T_0;
    .scope S_000001db10689fa0;
T_1 ;
    %wait E_000001db106773e0;
    %load/vec4 v000001db106799c0_0;
    %flag_set/vec4 8;
    %jmp/0xz  T_1.0, 8;
    %pushi/vec4 0, 0, 8;
    %assign/vec4 v000001db10679a60_0, 0;
    %pushi/vec4 0, 0, 8;
    %assign/vec4 v000001db10679b00_0, 0;
    %jmp T_1.1;
T_1.0 ;
    %load/vec4 v000001db10652910_0;
    %assign/vec4 v000001db10679a60_0, 0;
    %load/vec4 v000001db1068a130_0;
    %pad/u 32;
    %cmpi/e 1, 0, 32;
    %jmp/0xz  T_1.2, 4;
    %load/vec4 v000001db1068a1d0_0;
    %assign/vec4 v000001db10679b00_0, 0;
    %jmp T_1.3;
T_1.2 ;
    %load/vec4 v000001db10679b00_0;
    %assign/vec4 v000001db10679b00_0, 0;
T_1.3 ;
T_1.1 ;
    %jmp T_1;
    .thread T_1;
    .scope S_000001db10689e10;
T_2 ;
    %pushi/vec4 0, 0, 8;
    %store/vec4 v000001db106dd3d0_0, 0, 8;
    %pushi/vec4 0, 0, 8;
    %store/vec4 v000001db106dd510_0, 0, 8;
    %pushi/vec4 0, 0, 24;
    %store/vec4 v000001db106dc840_0, 0, 24;
    %pushi/vec4 0, 0, 1;
    %store/vec4 v000001db106dcbb0_0, 0, 1;
    %pushi/vec4 0, 0, 1;
    %store/vec4 v000001db106dd330_0, 0, 1;
    %pushi/vec4 1, 0, 1;
    %store/vec4 v000001db106dcf70_0, 0, 1;
    %delay 100000, 0;
    %pushi/vec4 0, 0, 1;
    %store/vec4 v000001db106dcf70_0, 0, 1;
    %pushi/vec4 10, 0, 8;
    %store/vec4 v000001db106dd3d0_0, 0, 8;
    %pushi/vec4 20, 0, 8;
    %store/vec4 v000001db106dd510_0, 0, 8;
    %pushi/vec4 5, 0, 24;
    %store/vec4 v000001db106dc840_0, 0, 24;
    %pushi/vec4 1, 0, 1;
    %store/vec4 v000001db106dcbb0_0, 0, 1;
    %delay 20000, 0;
    %pushi/vec4 12, 0, 8;
    %store/vec4 v000001db106dd3d0_0, 0, 8;
    %pushi/vec4 22, 0, 8;
    %store/vec4 v000001db106dd510_0, 0, 8;
    %pushi/vec4 3, 0, 24;
    %store/vec4 v000001db106dc840_0, 0, 24;
    %pushi/vec4 1, 0, 1;
    %store/vec4 v000001db106dcbb0_0, 0, 1;
    %delay 20000, 0;
    %pushi/vec4 14, 0, 8;
    %store/vec4 v000001db106dd3d0_0, 0, 8;
    %pushi/vec4 24, 0, 8;
    %store/vec4 v000001db106dd510_0, 0, 8;
    %pushi/vec4 1, 0, 24;
    %store/vec4 v000001db106dc840_0, 0, 24;
    %pushi/vec4 0, 0, 1;
    %store/vec4 v000001db106dcbb0_0, 0, 1;
    %delay 20000, 0;
    %pushi/vec4 0, 0, 1;
    %store/vec4 v000001db106dcf70_0, 0, 1;
    %delay 10000, 0;
    %vpi_call 2 52 "$finish" {0 0 0};
    %end;
    .thread T_2;
    .scope S_000001db10689e10;
T_3 ;
    %delay 10000, 0;
    %load/vec4 v000001db106dd330_0;
    %inv;
    %store/vec4 v000001db106dd330_0, 0, 1;
    %jmp T_3;
    .thread T_3;
    .scope S_000001db10689e10;
T_4 ;
    %wait E_000001db10677e60;
    %vpi_call 2 60 "$monitor", "Time=%t, rst=%b, FM=%d, WM=%d, WEn=%b, AccumulatedSum=%d, siglineEast=%d, siglineSouth=%d", $time, v000001db106dcf70_0, v000001db106dd3d0_0, v000001db106dd510_0, v000001db106dcbb0_0, v000001db10679ba0_0, v000001db106dd0b0_0, v000001db106dd290_0 {0 0 0};
    %jmp T_4;
    .thread T_4, $push;
# The file index is used to find the file name in the following table.
:file_names 4;
    "N/A";
    "<interactive>";
    "./MACUnit_TB.v";
    "./MACUnit.v";
